# JRE version: Java(TM) SE Runtime Environment (8.0_191-b12) (build 1.8.0_191-b12)
# Java VM: Java HotSpot(TM) 64-Bit Server VM (25.191-b12 mixed mode windows-amd64 compressed oops)
Heap:
 PSYoungGen      total 36864K, used 24690K [0x00000000d6c00000, 0x00000000d9500000, 0x0000000100000000)
  eden space 31744K, 77% used [0x00000000d6c00000,0x00000000d841c978,0x00000000d8b00000)
  from space 5120K, 0% used [0x00000000d8b00000,0x00000000d8b00000,0x00000000d9000000)
  to   space 5120K, 0% used [0x00000000d9000000,0x00000000d9000000,0x00000000d9500000)
 ParOldGen       total 60928K, used 3259K [0x0000000084400000, 0x0000000087f80000, 0x00000000d6c00000)
  object space 60928K, 5% used [0x0000000084400000,0x000000008472ec38,0x0000000087f80000)
 Metaspace       used 19188K, capacity 19456K, committed 19712K, reserved 1069056K
  class space    used 2412K, capacity 2510K, committed 2560K, reserved 1048576K
GC Heap History (4 events):
Event: 0.657 GC heap before
{Heap before GC invocations=1 (full 0):
 PSYoungGen      total 36864K, used 12764K [0x00000000d6c00000, 0x00000000d9500000, 0x0000000100000000)
  eden space 31744K, 40% used [0x00000000d6c00000,0x00000000d7877358,0x00000000d8b00000)
  from space 5120K, 0% used [0x00000000d9000000,0x00000000d9000000,0x00000000d9500000)
  to   space 5120K, 0% used [0x00000000d8b00000,0x00000000d8b00000,0x00000000d9000000)
 ParOldGen       total 84992K, used 0K [0x0000000084400000, 0x0000000089700000, 0x00000000d6c00000)
  object space 84992K, 0% used [0x0000000084400000,0x0000000084400000,0x0000000089700000)
 Metaspace       used 14318K, capacity 14488K, committed 14592K, reserved 1067008K
  class space    used 1900K, capacity 1972K, committed 2048K, reserved 1048576K
Event: 0.663 GC heap after
Heap after GC invocations=1 (full 0):
 PSYoungGen      total 36864K, used 3358K [0x00000000d6c00000, 0x00000000d9500000, 0x0000000100000000)
  eden space 31744K, 0% used [0x00000000d6c00000,0x00000000d6c00000,0x00000000d8b00000)
  from space 5120K, 65% used [0x00000000d8b00000,0x00000000d8e47ad0,0x00000000d9000000)
  to   space 5120K, 0% used [0x00000000d9000000,0x00000000d9000000,0x00000000d9500000)
 ParOldGen       total 84992K, used 16K [0x0000000084400000, 0x0000000089700000, 0x00000000d6c00000)
  object space 84992K, 0% used [0x0000000084400000,0x0000000084404000,0x0000000089700000)
 Metaspace       used 14318K, capacity 14488K, committed 14592K, reserved 1067008K
  class space    used 1900K, capacity 1972K, committed 2048K, reserved 1048576K
}
Event: 0.663 GC heap before
{Heap before GC invocations=2 (full 1):
 PSYoungGen      total 36864K, used 3358K [0x00000000d6c00000, 0x00000000d9500000, 0x0000000100000000)
  eden space 31744K, 0% used [0x00000000d6c00000,0x00000000d6c00000,0x00000000d8b00000)
  from space 5120K, 65% used [0x00000000d8b00000,0x00000000d8e47ad0,0x00000000d9000000)
  to   space 5120K, 0% used [0x00000000d9000000,0x00000000d9000000,0x00000000d9500000)
 ParOldGen       total 84992K, used 16K [0x0000000084400000, 0x0000000089700000, 0x00000000d6c00000)
  object space 84992K, 0% used [0x0000000084400000,0x0000000084404000,0x0000000089700000)
 Metaspace       used 14318K, capacity 14488K, committed 14592K, reserved 1067008K
  class space    used 1900K, capacity 1972K, committed 2048K, reserved 1048576K
Event: 0.685 GC heap after
Heap after GC invocations=2 (full 1):
 PSYoungGen      total 36864K, used 0K [0x00000000d6c00000, 0x00000000d9500000, 0x0000000100000000)
  eden space 31744K, 0% used [0x00000000d6c00000,0x00000000d6c00000,0x00000000d8b00000)
  from space 5120K, 0% used [0x00000000d8b00000,0x00000000d8b00000,0x00000000d9000000)
  to   space 5120K, 0% used [0x00000000d9000000,0x00000000d9000000,0x00000000d9500000)
 ParOldGen       total 60928K, used 3259K [0x0000000084400000, 0x0000000087f80000, 0x00000000d6c00000)
  object space 60928K, 5% used [0x0000000084400000,0x000000008472ec38,0x0000000087f80000)
 Metaspace       used 14318K, capacity 14488K, committed 14592K, reserved 1064960K
  class space    used 1900K, capacity 1972K, committed 2048K, reserved 1048576K
}

